# JRE version: Java(TM) SE Runtime Environment (8.0_51-b16) (build 1.8.0_51-b16)
# Java VM: Java HotSpot(TM) Client VM (25.51-b03 mixed mode windows-x86 )
Heap:
 def new generation   total 25472K, used 19955K [0x04a00000, 0x065a0000, 0x09f50000)
  eden space 22656K,  83% used [0x04a00000, 0x05c8ebb0, 0x06020000)
  from space 2816K,  33% used [0x06020000, 0x0610e1b0, 0x062e0000)
  to   space 2816K,   0% used [0x062e0000, 0x062e0000, 0x065a0000)
 tenured generation   total 56480K, used 45854K [0x09f50000, 0x0d678000, 0x14a00000)
   the space 56480K,  81% used [0x09f50000, 0x0cc17aa0, 0x0cc17c00, 0x0d678000)
 Metaspace       used 40582K, capacity 41052K, committed 41088K, reserved 41344K
GC Heap History (10 events):
Event: 66.562 GC heap before
{Heap before GC invocations=121 (full 4):
 def new generation   total 25472K, used 23906K [0x04a00000, 0x065a0000, 0x09f50000)
  eden space 22656K, 100% used [0x04a00000, 0x06020000, 0x06020000)
  from space 2816K,  44% used [0x062e0000, 0x06418908, 0x065a0000)
  to   space 2816K,   0% used [0x06020000, 0x06020000, 0x062e0000)
 tenured generation   total 56480K, used 43970K [0x09f50000, 0x0d678000, 0x14a00000)
   the space 56480K,  77% used [0x09f50000, 0x0ca408e8, 0x0ca40a00, 0x0d678000)
 Metaspace       used 40477K, capacity 40956K, committed 40960K, reserved 41344K
Event: 66.571 GC heap after
Heap after GC invocations=122 (full 4):
 def new generation   total 25472K, used 1513K [0x04a00000, 0x065a0000, 0x09f50000)
  eden space 22656K,   0% used [0x04a00000, 0x04a00000, 0x06020000)
  from space 2816K,  53% used [0x06020000, 0x0619a5e8, 0x062e0000)
  to   space 2816K,   0% used [0x062e0000, 0x062e0000, 0x065a0000)
 tenured generation   total 56480K, used 43970K [0x09f50000, 0x0d678000, 0x14a00000)
   the space 56480K,  77% used [0x09f50000, 0x0ca408e8, 0x0ca40a00, 0x0d678000)
 Metaspace       used 40477K, capacity 40956K, committed 40960K, reserved 41344K
}
Event: 89.522 GC heap before
{Heap before GC invocations=122 (full 4):
 def new generation   total 25472K, used 24169K [0x04a00000, 0x065a0000, 0x09f50000)
  eden space 22656K, 100% used [0x04a00000, 0x06020000, 0x06020000)
  from space 2816K,  53% used [0x06020000, 0x0619a5e8, 0x062e0000)
  to   space 2816K,   0% used [0x062e0000, 0x062e0000, 0x065a0000)
 tenured generation   total 56480K, used 43970K [0x09f50000, 0x0d678000, 0x14a00000)
   the space 56480K,  77% used [0x09f50000, 0x0ca408e8, 0x0ca40a00, 0x0d678000)
 Metaspace       used 40477K, capacity 40956K, committed 40960K, reserved 41344K
Event: 89.531 GC heap after
Heap after GC invocations=123 (full 4):
 def new generation   total 25472K, used 1390K [0x04a00000, 0x065a0000, 0x09f50000)
  eden space 22656K,   0% used [0x04a00000, 0x04a00000, 0x06020000)
  from space 2816K,  49% used [0x062e0000, 0x0643bbe0, 0x065a0000)
  to   space 2816K,   0% used [0x06020000, 0x06020000, 0x062e0000)
 tenured generation   total 56480K, used 44682K [0x09f50000, 0x0d678000, 0x14a00000)
   the space 56480K,  79% used [0x09f50000, 0x0caf2ae0, 0x0caf2c00, 0x0d678000)
 Metaspace       used 40477K, capacity 40956K, committed 40960K, reserved 41344K
}
Event: 110.671 GC heap before
{Heap before GC invocations=123 (full 4):
 def new generation   total 25472K, used 24046K [0x04a00000, 0x065a0000, 0x09f50000)
  eden space 22656K, 100% used [0x04a00000, 0x06020000, 0x06020000)
  from space 2816K,  49% used [0x062e0000, 0x0643bbe0, 0x065a0000)
  to   space 2816K,   0% used [0x06020000, 0x06020000, 0x062e0000)
 tenured generation   total 56480K, used 44682K [0x09f50000, 0x0d678000, 0x14a00000)
   the space 56480K,  79% used [0x09f50000, 0x0caf2ae0, 0x0caf2c00, 0x0d678000)
 Metaspace       used 40555K, capacity 41020K, committed 41088K, reserved 41344K
Event: 110.692 GC heap after
Heap after GC invocations=124 (full 4):
 def new generation   total 25472K, used 1544K [0x04a00000, 0x065a0000, 0x09f50000)
  eden space 22656K,   0% used [0x04a00000, 0x04a00000, 0x06020000)
  from space 2816K,  54% used [0x06020000, 0x061a23e8, 0x062e0000)
  to   space 2816K,   0% used [0x062e0000, 0x062e0000, 0x065a0000)
 tenured generation   total 56480K, used 44682K [0x09f50000, 0x0d678000, 0x14a00000)
   the space 56480K,  79% used [0x09f50000, 0x0caf2ae0, 0x0caf2c00, 0x0d678000)
 Metaspace       used 40555K, capacity 41020K, committed 41088K, reserved 41344K
}
Event: 133.091 GC heap before
{Heap before GC invocations=124 (full 4):
 def new generation   total 25472K, used 24200K [0x04a00000, 0x065a0000, 0x09f50000)
  eden space 22656K, 100% used [0x04a00000, 0x06020000, 0x06020000)
  from space 2816K,  54% used [0x06020000, 0x061a23e8, 0x062e0000)
  to   space 2816K,   0% used [0x062e0000, 0x062e0000, 0x065a0000)
 tenured generation   total 56480K, used 44682K [0x09f50000, 0x0d678000, 0x14a00000)
   the space 56480K,  79% used [0x09f50000, 0x0caf2ae0, 0x0caf2c00, 0x0d678000)
 Metaspace       used 40555K, capacity 41020K, committed 41088K, reserved 41344K
Event: 133.114 GC heap after
Heap after GC invocations=125 (full 4):
 def new generation   total 25472K, used 1729K [0x04a00000, 0x065a0000, 0x09f50000)
  eden space 22656K,   0% used [0x04a00000, 0x04a00000, 0x06020000)
  from space 2816K,  61% used [0x062e0000, 0x064905e0, 0x065a0000)
  to   space 2816K,   0% used [0x06020000, 0x06020000, 0x062e0000)
 tenured generation   total 56480K, used 45109K [0x09f50000, 0x0d678000, 0x14a00000)
   the space 56480K,  79% used [0x09f50000, 0x0cb5d448, 0x0cb5d600, 0x0d678000)
 Metaspace       used 40555K, capacity 41020K, committed 41088K, reserved 41344K
}
Event: 156.280 GC heap before
{Heap before GC invocations=125 (full 4):
 def new generation   total 25472K, used 24385K [0x04a00000, 0x065a0000, 0x09f50000)
  eden space 22656K, 100% used [0x04a00000, 0x06020000, 0x06020000)
  from space 2816K,  61% used [0x062e0000, 0x064905e0, 0x065a0000)
  to   space 2816K,   0% used [0x06020000, 0x06020000, 0x062e0000)
 tenured generation   total 56480K, used 45109K [0x09f50000, 0x0d678000, 0x14a00000)
   the space 56480K,  79% used [0x09f50000, 0x0cb5d448, 0x0cb5d600, 0x0d678000)
 Metaspace       used 40555K, capacity 41020K, committed 41088K, reserved 41344K
Event: 156.302 GC heap after
Heap after GC invocations=126 (full 4):
 def new generation   total 25472K, used 952K [0x04a00000, 0x065a0000, 0x09f50000)
  eden space 22656K,   0% used [0x04a00000, 0x04a00000, 0x06020000)
  from space 2816K,  33% used [0x06020000, 0x0610e1b0, 0x062e0000)
  to   space 2816K,   0% used [0x062e0000, 0x062e0000, 0x065a0000)
 tenured generation   total 56480K, used 45854K [0x09f50000, 0x0d678000, 0x14a00000)
   the space 56480K,  81% used [0x09f50000, 0x0cc17aa0, 0x0cc17c00, 0x0d678000)
 Metaspace       used 40555K, capacity 41020K, committed 41088K, reserved 41344K
}

