# JRE version: Java(TM) SE Runtime Environment (8.0_51-b16) (build 1.8.0_51-b16)
# Java VM: Java HotSpot(TM) Client VM (25.51-b03 mixed mode windows-x86 )
Heap:
 def new generation   total 25536K, used 1553K [0x04800000, 0x063b0000, 0x09d50000)
  eden space 22720K,   2% used [0x04800000, 0x04891dc0, 0x05e30000)
  from space 2816K,  34% used [0x060f0000, 0x061e28c0, 0x063b0000)
  to   space 2816K,   0% used [0x05e30000, 0x05e30000, 0x060f0000)
 tenured generation   total 56540K, used 43932K [0x09d50000, 0x0d487000, 0x14800000)
   the space 56540K,  77% used [0x09d50000, 0x0c837020, 0x0c837200, 0x0d487000)
 Metaspace       used 38007K, capacity 38420K, committed 38528K, reserved 39296K
GC Heap History (10 events):
Event: 216.850 GC heap before
{Heap before GC invocations=122 (full 4):
 def new generation   total 25536K, used 23604K [0x04800000, 0x063b0000, 0x09d50000)
  eden space 22720K, 100% used [0x04800000, 0x05e30000, 0x05e30000)
  from space 2816K,  31% used [0x05e30000, 0x05f0d018, 0x060f0000)
  to   space 2816K,   0% used [0x060f0000, 0x060f0000, 0x063b0000)
 tenured generation   total 56540K, used 41933K [0x09d50000, 0x0d487000, 0x14800000)
   the space 56540K,  74% used [0x09d50000, 0x0c643458, 0x0c643600, 0x0d487000)
 Metaspace       used 37939K, capacity 38356K, committed 38528K, reserved 39296K
Event: 216.866 GC heap after
Heap after GC invocations=123 (full 4):
 def new generation   total 25536K, used 1610K [0x04800000, 0x063b0000, 0x09d50000)
  eden space 22720K,   0% used [0x04800000, 0x04800000, 0x05e30000)
  from space 2816K,  57% used [0x060f0000, 0x06282988, 0x063b0000)
  to   space 2816K,   0% used [0x05e30000, 0x05e30000, 0x060f0000)
 tenured generation   total 56540K, used 41933K [0x09d50000, 0x0d487000, 0x14800000)
   the space 56540K,  74% used [0x09d50000, 0x0c643458, 0x0c643600, 0x0d487000)
 Metaspace       used 37939K, capacity 38356K, committed 38528K, reserved 39296K
}
Event: 249.891 GC heap before
{Heap before GC invocations=123 (full 4):
 def new generation   total 25536K, used 24330K [0x04800000, 0x063b0000, 0x09d50000)
  eden space 22720K, 100% used [0x04800000, 0x05e30000, 0x05e30000)
  from space 2816K,  57% used [0x060f0000, 0x06282988, 0x063b0000)
  to   space 2816K,   0% used [0x05e30000, 0x05e30000, 0x060f0000)
 tenured generation   total 56540K, used 41933K [0x09d50000, 0x0d487000, 0x14800000)
   the space 56540K,  74% used [0x09d50000, 0x0c643458, 0x0c643600, 0x0d487000)
 Metaspace       used 37939K, capacity 38356K, committed 38528K, reserved 39296K
Event: 249.912 GC heap after
Heap after GC invocations=124 (full 4):
 def new generation   total 25536K, used 2072K [0x04800000, 0x063b0000, 0x09d50000)
  eden space 22720K,   0% used [0x04800000, 0x04800000, 0x05e30000)
  from space 2816K,  73% used [0x05e30000, 0x060360c0, 0x060f0000)
  to   space 2816K,   0% used [0x060f0000, 0x060f0000, 0x063b0000)
 tenured generation   total 56540K, used 42188K [0x09d50000, 0x0d487000, 0x14800000)
   the space 56540K,  74% used [0x09d50000, 0x0c6833d0, 0x0c683400, 0x0d487000)
 Metaspace       used 37939K, capacity 38356K, committed 38528K, reserved 39296K
}
Event: 283.594 GC heap before
{Heap before GC invocations=124 (full 4):
 def new generation   total 25536K, used 24792K [0x04800000, 0x063b0000, 0x09d50000)
  eden space 22720K, 100% used [0x04800000, 0x05e30000, 0x05e30000)
  from space 2816K,  73% used [0x05e30000, 0x060360c0, 0x060f0000)
  to   space 2816K,   0% used [0x060f0000, 0x060f0000, 0x063b0000)
 tenured generation   total 56540K, used 42188K [0x09d50000, 0x0d487000, 0x14800000)
   the space 56540K,  74% used [0x09d50000, 0x0c6833d0, 0x0c683400, 0x0d487000)
 Metaspace       used 37940K, capacity 38356K, committed 38528K, reserved 39296K
Event: 283.619 GC heap after
Heap after GC invocations=125 (full 4):
 def new generation   total 25536K, used 1112K [0x04800000, 0x063b0000, 0x09d50000)
  eden space 22720K,   0% used [0x04800000, 0x04800000, 0x05e30000)
  from space 2816K,  39% used [0x060f0000, 0x06206330, 0x063b0000)
  to   space 2816K,   0% used [0x05e30000, 0x05e30000, 0x060f0000)
 tenured generation   total 56540K, used 43095K [0x09d50000, 0x0d487000, 0x14800000)
   the space 56540K,  76% used [0x09d50000, 0x0c765fd8, 0x0c766000, 0x0d487000)
 Metaspace       used 37940K, capacity 38356K, committed 38528K, reserved 39296K
}
Event: 316.775 GC heap before
{Heap before GC invocations=125 (full 4):
 def new generation   total 25536K, used 23832K [0x04800000, 0x063b0000, 0x09d50000)
  eden space 22720K, 100% used [0x04800000, 0x05e30000, 0x05e30000)
  from space 2816K,  39% used [0x060f0000, 0x06206330, 0x063b0000)
  to   space 2816K,   0% used [0x05e30000, 0x05e30000, 0x060f0000)
 tenured generation   total 56540K, used 43095K [0x09d50000, 0x0d487000, 0x14800000)
   the space 56540K,  76% used [0x09d50000, 0x0c765fd8, 0x0c766000, 0x0d487000)
 Metaspace       used 37977K, capacity 38388K, committed 38528K, reserved 39296K
Event: 316.793 GC heap after
Heap after GC invocations=126 (full 4):
 def new generation   total 25536K, used 1847K [0x04800000, 0x063b0000, 0x09d50000)
  eden space 22720K,   0% used [0x04800000, 0x04800000, 0x05e30000)
  from space 2816K,  65% used [0x05e30000, 0x05ffdc28, 0x060f0000)
  to   space 2816K,   0% used [0x060f0000, 0x060f0000, 0x063b0000)
 tenured generation   total 56540K, used 43095K [0x09d50000, 0x0d487000, 0x14800000)
   the space 56540K,  76% used [0x09d50000, 0x0c765fd8, 0x0c766000, 0x0d487000)
 Metaspace       used 37977K, capacity 38388K, committed 38528K, reserved 39296K
}
Event: 350.466 GC heap before
{Heap before GC invocations=126 (full 4):
 def new generation   total 25536K, used 24567K [0x04800000, 0x063b0000, 0x09d50000)
  eden space 22720K, 100% used [0x04800000, 0x05e30000, 0x05e30000)
  from space 2816K,  65% used [0x05e30000, 0x05ffdc28, 0x060f0000)
  to   space 2816K,   0% used [0x060f0000, 0x060f0000, 0x063b0000)
 tenured generation   total 56540K, used 43095K [0x09d50000, 0x0d487000, 0x14800000)
   the space 56540K,  76% used [0x09d50000, 0x0c765fd8, 0x0c766000, 0x0d487000)
 Metaspace       used 37977K, capacity 38388K, committed 38528K, reserved 39296K
Event: 350.479 GC heap after
Heap after GC invocations=127 (full 4):
 def new generation   total 25536K, used 970K [0x04800000, 0x063b0000, 0x09d50000)
  eden space 22720K,   0% used [0x04800000, 0x04800000, 0x05e30000)
  from space 2816K,  34% used [0x060f0000, 0x061e28c0, 0x063b0000)
  to   space 2816K,   0% used [0x05e30000, 0x05e30000, 0x060f0000)
 tenured generation   total 56540K, used 43932K [0x09d50000, 0x0d487000, 0x14800000)
   the space 56540K,  77% used [0x09d50000, 0x0c837020, 0x0c837200, 0x0d487000)
 Metaspace       used 37977K, capacity 38388K, committed 38528K, reserved 39296K
}

