# JRE version: Java(TM) SE Runtime Environment (8.0_51-b16) (build 1.8.0_51-b16)
# Java VM: Java HotSpot(TM) Client VM (25.51-b03 mixed mode windows-x86 )
Heap:
 def new generation   total 25216K, used 9062K [0x04800000, 0x06350000, 0x09d50000)
  eden space 22464K,  35% used [0x04800000, 0x04fd7840, 0x05df0000)
  from space 2752K,  37% used [0x060a0000, 0x061a1fe0, 0x06350000)
  to   space 2752K,   0% used [0x05df0000, 0x05df0000, 0x060a0000)
 tenured generation   total 55836K, used 40086K [0x09d50000, 0x0d3d7000, 0x14800000)
   the space 55836K,  71% used [0x09d50000, 0x0c475bf8, 0x0c475c00, 0x0d3d7000)
 Metaspace       used 38137K, capacity 38513K, committed 38656K, reserved 39296K
GC Heap History (10 events):
Event: 30.034 GC heap before
{Heap before GC invocations=115 (full 4):
 def new generation   total 25216K, used 21760K [0x04800000, 0x06350000, 0x09d50000)
  eden space 22464K,  93% used [0x04800000, 0x05c6d010, 0x05df0000)
  from space 2752K,  30% used [0x05df0000, 0x05ec3388, 0x060a0000)
  to   space 2752K,   0% used [0x060a0000, 0x060a0000, 0x06350000)
 tenured generation   total 55836K, used 39274K [0x09d50000, 0x0d3d7000, 0x14800000)
   the space 55836K,  70% used [0x09d50000, 0x0c3aa9e8, 0x0c3aaa00, 0x0d3d7000)
 Metaspace       used 37433K, capacity 37821K, committed 38016K, reserved 38272K
Event: 30.039 GC heap after
Heap after GC invocations=116 (full 4):
 def new generation   total 25216K, used 843K [0x04800000, 0x06350000, 0x09d50000)
  eden space 22464K,   0% used [0x04800000, 0x04800000, 0x05df0000)
  from space 2752K,  30% used [0x060a0000, 0x06172f88, 0x06350000)
  to   space 2752K,   0% used [0x05df0000, 0x05df0000, 0x060a0000)
 tenured generation   total 55836K, used 39274K [0x09d50000, 0x0d3d7000, 0x14800000)
   the space 55836K,  70% used [0x09d50000, 0x0c3aa9e8, 0x0c3aaa00, 0x0d3d7000)
 Metaspace       used 37433K, capacity 37821K, committed 38016K, reserved 38272K
}
Event: 30.043 GC heap before
{Heap before GC invocations=116 (full 4):
 def new generation   total 25216K, used 21761K [0x04800000, 0x06350000, 0x09d50000)
  eden space 22464K,  93% used [0x04800000, 0x05c6d7f8, 0x05df0000)
  from space 2752K,  30% used [0x060a0000, 0x06172f88, 0x06350000)
  to   space 2752K,   0% used [0x05df0000, 0x05df0000, 0x060a0000)
 tenured generation   total 55836K, used 39274K [0x09d50000, 0x0d3d7000, 0x14800000)
   the space 55836K,  70% used [0x09d50000, 0x0c3aa9e8, 0x0c3aaa00, 0x0d3d7000)
 Metaspace       used 37433K, capacity 37821K, committed 38016K, reserved 38272K
Event: 30.047 GC heap after
Heap after GC invocations=117 (full 4):
 def new generation   total 25216K, used 578K [0x04800000, 0x06350000, 0x09d50000)
  eden space 22464K,   0% used [0x04800000, 0x04800000, 0x05df0000)
  from space 2752K,  21% used [0x05df0000, 0x05e809b8, 0x060a0000)
  to   space 2752K,   0% used [0x060a0000, 0x060a0000, 0x06350000)
 tenured generation   total 55836K, used 39538K [0x09d50000, 0x0d3d7000, 0x14800000)
   the space 55836K,  70% used [0x09d50000, 0x0c3ecbb8, 0x0c3ecc00, 0x0d3d7000)
 Metaspace       used 37433K, capacity 37821K, committed 38016K, reserved 38272K
}
Event: 30.193 GC heap before
{Heap before GC invocations=117 (full 4):
 def new generation   total 25216K, used 23042K [0x04800000, 0x06350000, 0x09d50000)
  eden space 22464K, 100% used [0x04800000, 0x05df0000, 0x05df0000)
  from space 2752K,  21% used [0x05df0000, 0x05e809b8, 0x060a0000)
  to   space 2752K,   0% used [0x060a0000, 0x060a0000, 0x06350000)
 tenured generation   total 55836K, used 39538K [0x09d50000, 0x0d3d7000, 0x14800000)
   the space 55836K,  70% used [0x09d50000, 0x0c3ecbb8, 0x0c3ecc00, 0x0d3d7000)
 Metaspace       used 37974K, capacity 38370K, committed 38528K, reserved 39296K
Event: 30.198 GC heap after
Heap after GC invocations=118 (full 4):
 def new generation   total 25216K, used 868K [0x04800000, 0x06350000, 0x09d50000)
  eden space 22464K,   0% used [0x04800000, 0x04800000, 0x05df0000)
  from space 2752K,  31% used [0x060a0000, 0x06179390, 0x06350000)
  to   space 2752K,   0% used [0x05df0000, 0x05df0000, 0x060a0000)
 tenured generation   total 55836K, used 40069K [0x09d50000, 0x0d3d7000, 0x14800000)
   the space 55836K,  71% used [0x09d50000, 0x0c4715b8, 0x0c471600, 0x0d3d7000)
 Metaspace       used 37974K, capacity 38370K, committed 38528K, reserved 39296K
}
Event: 135.448 GC heap before
{Heap before GC invocations=118 (full 4):
 def new generation   total 25216K, used 23332K [0x04800000, 0x06350000, 0x09d50000)
  eden space 22464K, 100% used [0x04800000, 0x05df0000, 0x05df0000)
  from space 2752K,  31% used [0x060a0000, 0x06179390, 0x06350000)
  to   space 2752K,   0% used [0x05df0000, 0x05df0000, 0x060a0000)
 tenured generation   total 55836K, used 40069K [0x09d50000, 0x0d3d7000, 0x14800000)
   the space 55836K,  71% used [0x09d50000, 0x0c4715b8, 0x0c471600, 0x0d3d7000)
 Metaspace       used 38109K, capacity 38513K, committed 38656K, reserved 39296K
Event: 135.457 GC heap after
Heap after GC invocations=119 (full 4):
 def new generation   total 25216K, used 755K [0x04800000, 0x06350000, 0x09d50000)
  eden space 22464K,   0% used [0x04800000, 0x04800000, 0x05df0000)
  from space 2752K,  27% used [0x05df0000, 0x05eacca8, 0x060a0000)
  to   space 2752K,   0% used [0x060a0000, 0x060a0000, 0x06350000)
 tenured generation   total 55836K, used 40077K [0x09d50000, 0x0d3d7000, 0x14800000)
   the space 55836K,  71% used [0x09d50000, 0x0c473718, 0x0c473800, 0x0d3d7000)
 Metaspace       used 38109K, capacity 38513K, committed 38656K, reserved 39296K
}
Event: 230.403 GC heap before
{Heap before GC invocations=119 (full 4):
 def new generation   total 25216K, used 23219K [0x04800000, 0x06350000, 0x09d50000)
  eden space 22464K, 100% used [0x04800000, 0x05df0000, 0x05df0000)
  from space 2752K,  27% used [0x05df0000, 0x05eacca8, 0x060a0000)
  to   space 2752K,   0% used [0x060a0000, 0x060a0000, 0x06350000)
 tenured generation   total 55836K, used 40077K [0x09d50000, 0x0d3d7000, 0x14800000)
   the space 55836K,  71% used [0x09d50000, 0x0c473718, 0x0c473800, 0x0d3d7000)
 Metaspace       used 38112K, capacity 38513K, committed 38656K, reserved 39296K
Event: 230.411 GC heap after
Heap after GC invocations=120 (full 4):
 def new generation   total 25216K, used 1031K [0x04800000, 0x06350000, 0x09d50000)
  eden space 22464K,   0% used [0x04800000, 0x04800000, 0x05df0000)
  from space 2752K,  37% used [0x060a0000, 0x061a1fe0, 0x06350000)
  to   space 2752K,   0% used [0x05df0000, 0x05df0000, 0x060a0000)
 tenured generation   total 55836K, used 40086K [0x09d50000, 0x0d3d7000, 0x14800000)
   the space 55836K,  71% used [0x09d50000, 0x0c475bf8, 0x0c475c00, 0x0d3d7000)
 Metaspace       used 38112K, capacity 38513K, committed 38656K, reserved 39296K
}

