# JRE version: Java(TM) SE Runtime Environment (8.0_51-b16) (build 1.8.0_51-b16)
# Java VM: Java HotSpot(TM) Client VM (25.51-b03 mixed mode windows-x86 )
Heap:
 def new generation   total 24960K, used 11214K [0x04800000, 0x06310000, 0x09d50000)
  eden space 22208K,  42% used [0x04800000, 0x051329f8, 0x05db0000)
  from space 2752K,  65% used [0x05db0000, 0x05f711c8, 0x06060000)
  to   space 2752K,   0% used [0x06060000, 0x06060000, 0x06310000)
 tenured generation   total 55296K, used 39843K [0x09d50000, 0x0d350000, 0x14800000)
   the space 55296K,  72% used [0x09d50000, 0x0c438da0, 0x0c438e00, 0x0d350000)
 Metaspace       used 38074K, capacity 38489K, committed 38656K, reserved 39296K
GC Heap History (10 events):
Event: 37.546 GC heap before
{Heap before GC invocations=117 (full 4):
 def new generation   total 24960K, used 21845K [0x04800000, 0x06310000, 0x09d50000)
  eden space 22208K,  94% used [0x04800000, 0x05c6c450, 0x05db0000)
  from space 2752K,  33% used [0x06060000, 0x06149220, 0x06310000)
  to   space 2752K,   0% used [0x05db0000, 0x05db0000, 0x06060000)
 tenured generation   total 55296K, used 38929K [0x09d50000, 0x0d350000, 0x14800000)
   the space 55296K,  70% used [0x09d50000, 0x0c354668, 0x0c354800, 0x0d350000)
 Metaspace       used 37466K, capacity 37858K, committed 38016K, reserved 38272K
Event: 37.551 GC heap after
Heap after GC invocations=118 (full 4):
 def new generation   total 24960K, used 718K [0x04800000, 0x06310000, 0x09d50000)
  eden space 22208K,   0% used [0x04800000, 0x04800000, 0x05db0000)
  from space 2752K,  26% used [0x05db0000, 0x05e63bc0, 0x06060000)
  to   space 2752K,   0% used [0x06060000, 0x06060000, 0x06310000)
 tenured generation   total 55296K, used 39142K [0x09d50000, 0x0d350000, 0x14800000)
   the space 55296K,  70% used [0x09d50000, 0x0c3898c8, 0x0c389a00, 0x0d350000)
 Metaspace       used 37466K, capacity 37858K, committed 38016K, reserved 38272K
}
Event: 38.197 GC heap before
{Heap before GC invocations=118 (full 4):
 def new generation   total 24960K, used 22926K [0x04800000, 0x06310000, 0x09d50000)
  eden space 22208K, 100% used [0x04800000, 0x05db0000, 0x05db0000)
  from space 2752K,  26% used [0x05db0000, 0x05e63bc0, 0x06060000)
  to   space 2752K,   0% used [0x06060000, 0x06060000, 0x06310000)
 tenured generation   total 55296K, used 39142K [0x09d50000, 0x0d350000, 0x14800000)
   the space 55296K,  70% used [0x09d50000, 0x0c3898c8, 0x0c389a00, 0x0d350000)
 Metaspace       used 37762K, capacity 38151K, committed 38272K, reserved 38272K
Event: 38.203 GC heap after
Heap after GC invocations=119 (full 4):
 def new generation   total 24960K, used 841K [0x04800000, 0x06310000, 0x09d50000)
  eden space 22208K,   0% used [0x04800000, 0x04800000, 0x05db0000)
  from space 2752K,  30% used [0x06060000, 0x061326a8, 0x06310000)
  to   space 2752K,   0% used [0x05db0000, 0x05db0000, 0x06060000)
 tenured generation   total 55296K, used 39455K [0x09d50000, 0x0d350000, 0x14800000)
   the space 55296K,  71% used [0x09d50000, 0x0c3d7fa8, 0x0c3d8000, 0x0d350000)
 Metaspace       used 37762K, capacity 38151K, committed 38272K, reserved 38272K
}
Event: 152.915 GC heap before
{Heap before GC invocations=119 (full 4):
 def new generation   total 24960K, used 23049K [0x04800000, 0x06310000, 0x09d50000)
  eden space 22208K, 100% used [0x04800000, 0x05db0000, 0x05db0000)
  from space 2752K,  30% used [0x06060000, 0x061326a8, 0x06310000)
  to   space 2752K,   0% used [0x05db0000, 0x05db0000, 0x06060000)
 tenured generation   total 55296K, used 39455K [0x09d50000, 0x0d350000, 0x14800000)
   the space 55296K,  71% used [0x09d50000, 0x0c3d7fa8, 0x0c3d8000, 0x0d350000)
 Metaspace       used 37901K, capacity 38314K, committed 38400K, reserved 39296K
Event: 152.927 GC heap after
Heap after GC invocations=120 (full 4):
 def new generation   total 24960K, used 870K [0x04800000, 0x06310000, 0x09d50000)
  eden space 22208K,   0% used [0x04800000, 0x04800000, 0x05db0000)
  from space 2752K,  31% used [0x05db0000, 0x05e89b40, 0x06060000)
  to   space 2752K,   0% used [0x06060000, 0x06060000, 0x06310000)
 tenured generation   total 55296K, used 39817K [0x09d50000, 0x0d350000, 0x14800000)
   the space 55296K,  72% used [0x09d50000, 0x0c4326b0, 0x0c432800, 0x0d350000)
 Metaspace       used 37901K, capacity 38314K, committed 38400K, reserved 39296K
}
Event: 230.386 GC heap before
{Heap before GC invocations=120 (full 4):
 def new generation   total 24960K, used 23078K [0x04800000, 0x06310000, 0x09d50000)
  eden space 22208K, 100% used [0x04800000, 0x05db0000, 0x05db0000)
  from space 2752K,  31% used [0x05db0000, 0x05e89b40, 0x06060000)
  to   space 2752K,   0% used [0x06060000, 0x06060000, 0x06310000)
 tenured generation   total 55296K, used 39817K [0x09d50000, 0x0d350000, 0x14800000)
   the space 55296K,  72% used [0x09d50000, 0x0c4326b0, 0x0c432800, 0x0d350000)
 Metaspace       used 37969K, capacity 38393K, committed 38528K, reserved 39296K
Event: 230.394 GC heap after
Heap after GC invocations=121 (full 4):
 def new generation   total 24960K, used 1328K [0x04800000, 0x06310000, 0x09d50000)
  eden space 22208K,   0% used [0x04800000, 0x04800000, 0x05db0000)
  from space 2752K,  48% used [0x06060000, 0x061ac210, 0x06310000)
  to   space 2752K,   0% used [0x05db0000, 0x05db0000, 0x06060000)
 tenured generation   total 55296K, used 39825K [0x09d50000, 0x0d350000, 0x14800000)
   the space 55296K,  72% used [0x09d50000, 0x0c434658, 0x0c434800, 0x0d350000)
 Metaspace       used 37969K, capacity 38393K, committed 38528K, reserved 39296K
}
Event: 317.600 GC heap before
{Heap before GC invocations=121 (full 4):
 def new generation   total 24960K, used 23536K [0x04800000, 0x06310000, 0x09d50000)
  eden space 22208K, 100% used [0x04800000, 0x05db0000, 0x05db0000)
  from space 2752K,  48% used [0x06060000, 0x061ac210, 0x06310000)
  to   space 2752K,   0% used [0x05db0000, 0x05db0000, 0x06060000)
 tenured generation   total 55296K, used 39825K [0x09d50000, 0x0d350000, 0x14800000)
   the space 55296K,  72% used [0x09d50000, 0x0c434658, 0x0c434800, 0x0d350000)
 Metaspace       used 38035K, capacity 38457K, committed 38528K, reserved 39296K
Event: 317.620 GC heap after
Heap after GC invocations=122 (full 4):
 def new generation   total 24960K, used 1796K [0x04800000, 0x06310000, 0x09d50000)
  eden space 22208K,   0% used [0x04800000, 0x04800000, 0x05db0000)
  from space 2752K,  65% used [0x05db0000, 0x05f711c8, 0x06060000)
  to   space 2752K,   0% used [0x06060000, 0x06060000, 0x06310000)
 tenured generation   total 55296K, used 39843K [0x09d50000, 0x0d350000, 0x14800000)
   the space 55296K,  72% used [0x09d50000, 0x0c438da0, 0x0c438e00, 0x0d350000)
 Metaspace       used 38035K, capacity 38457K, committed 38528K, reserved 39296K
}

