# JRE version: Java(TM) SE Runtime Environment (8.0_51-b16) (build 1.8.0_51-b16)
# Java VM: Java HotSpot(TM) Client VM (25.51-b03 mixed mode windows-x86 )
Heap:
 def new generation   total 31296K, used 3101K [0x04a00000, 0x06bf0000, 0x09f50000)
  eden space 27840K,   2% used [0x04a00000, 0x04ab39e8, 0x06530000)
  from space 3456K,  68% used [0x06890000, 0x06ae3b08, 0x06bf0000)
  to   space 3456K,   0% used [0x06530000, 0x06530000, 0x06890000)
 tenured generation   total 69320K, used 44092K [0x09f50000, 0x0e302000, 0x14a00000)
   the space 69320K,  63% used [0x09f50000, 0x0ca5f240, 0x0ca5f400, 0x0e302000)
 Metaspace       used 38168K, capacity 38550K, committed 38656K, reserved 39296K
GC Heap History (10 events):
Event: 325.335 GC heap before
{Heap before GC invocations=119 (full 5):
 def new generation   total 31296K, used 28640K [0x04a00000, 0x06bf0000, 0x09f50000)
  eden space 27840K, 100% used [0x04a00000, 0x06530000, 0x06530000)
  from space 3456K,  23% used [0x06530000, 0x065f8000, 0x06890000)
  to   space 3456K,   0% used [0x06890000, 0x06890000, 0x06bf0000)
 tenured generation   total 69320K, used 43024K [0x09f50000, 0x0e302000, 0x14a00000)
   the space 69320K,  62% used [0x09f50000, 0x0c954340, 0x0c954400, 0x0e302000)
 Metaspace       used 38127K, capacity 38518K, committed 38656K, reserved 39296K
Event: 325.352 GC heap after
Heap after GC invocations=120 (full 5):
 def new generation   total 31296K, used 1676K [0x04a00000, 0x06bf0000, 0x09f50000)
  eden space 27840K,   0% used [0x04a00000, 0x04a00000, 0x06530000)
  from space 3456K,  48% used [0x06890000, 0x06a333c8, 0x06bf0000)
  to   space 3456K,   0% used [0x06530000, 0x06530000, 0x06890000)
 tenured generation   total 69320K, used 43024K [0x09f50000, 0x0e302000, 0x14a00000)
   the space 69320K,  62% used [0x09f50000, 0x0c954340, 0x0c954400, 0x0e302000)
 Metaspace       used 38127K, capacity 38518K, committed 38656K, reserved 39296K
}
Event: 402.614 GC heap before
{Heap before GC invocations=120 (full 5):
 def new generation   total 31296K, used 29516K [0x04a00000, 0x06bf0000, 0x09f50000)
  eden space 27840K, 100% used [0x04a00000, 0x06530000, 0x06530000)
  from space 3456K,  48% used [0x06890000, 0x06a333c8, 0x06bf0000)
  to   space 3456K,   0% used [0x06530000, 0x06530000, 0x06890000)
 tenured generation   total 69320K, used 43024K [0x09f50000, 0x0e302000, 0x14a00000)
   the space 69320K,  62% used [0x09f50000, 0x0c954340, 0x0c954400, 0x0e302000)
 Metaspace       used 38127K, capacity 38518K, committed 38656K, reserved 39296K
Event: 402.625 GC heap after
Heap after GC invocations=121 (full 5):
 def new generation   total 31296K, used 1707K [0x04a00000, 0x06bf0000, 0x09f50000)
  eden space 27840K,   0% used [0x04a00000, 0x04a00000, 0x06530000)
  from space 3456K,  49% used [0x06530000, 0x066dade0, 0x06890000)
  to   space 3456K,   0% used [0x06890000, 0x06890000, 0x06bf0000)
 tenured generation   total 69320K, used 43024K [0x09f50000, 0x0e302000, 0x14a00000)
   the space 69320K,  62% used [0x09f50000, 0x0c954340, 0x0c954400, 0x0e302000)
 Metaspace       used 38127K, capacity 38518K, committed 38656K, reserved 39296K
}
Event: 480.737 GC heap before
{Heap before GC invocations=121 (full 5):
 def new generation   total 31296K, used 29547K [0x04a00000, 0x06bf0000, 0x09f50000)
  eden space 27840K, 100% used [0x04a00000, 0x06530000, 0x06530000)
  from space 3456K,  49% used [0x06530000, 0x066dade0, 0x06890000)
  to   space 3456K,   0% used [0x06890000, 0x06890000, 0x06bf0000)
 tenured generation   total 69320K, used 43024K [0x09f50000, 0x0e302000, 0x14a00000)
   the space 69320K,  62% used [0x09f50000, 0x0c954340, 0x0c954400, 0x0e302000)
 Metaspace       used 38127K, capacity 38518K, committed 38656K, reserved 39296K
Event: 480.760 GC heap after
Heap after GC invocations=122 (full 5):
 def new generation   total 31296K, used 2555K [0x04a00000, 0x06bf0000, 0x09f50000)
  eden space 27840K,   0% used [0x04a00000, 0x04a00000, 0x06530000)
  from space 3456K,  73% used [0x06890000, 0x06b0ef80, 0x06bf0000)
  to   space 3456K,   0% used [0x06530000, 0x06530000, 0x06890000)
 tenured generation   total 69320K, used 43024K [0x09f50000, 0x0e302000, 0x14a00000)
   the space 69320K,  62% used [0x09f50000, 0x0c954340, 0x0c954400, 0x0e302000)
 Metaspace       used 38127K, capacity 38518K, committed 38656K, reserved 39296K
}
Event: 557.595 GC heap before
{Heap before GC invocations=122 (full 5):
 def new generation   total 31296K, used 30395K [0x04a00000, 0x06bf0000, 0x09f50000)
  eden space 27840K, 100% used [0x04a00000, 0x06530000, 0x06530000)
  from space 3456K,  73% used [0x06890000, 0x06b0ef80, 0x06bf0000)
  to   space 3456K,   0% used [0x06530000, 0x06530000, 0x06890000)
 tenured generation   total 69320K, used 43024K [0x09f50000, 0x0e302000, 0x14a00000)
   the space 69320K,  62% used [0x09f50000, 0x0c954340, 0x0c954400, 0x0e302000)
 Metaspace       used 38138K, capacity 38550K, committed 38656K, reserved 39296K
Event: 557.619 GC heap after
Heap after GC invocations=123 (full 5):
 def new generation   total 31296K, used 1559K [0x04a00000, 0x06bf0000, 0x09f50000)
  eden space 27840K,   0% used [0x04a00000, 0x04a00000, 0x06530000)
  from space 3456K,  45% used [0x06530000, 0x066b5e50, 0x06890000)
  to   space 3456K,   0% used [0x06890000, 0x06890000, 0x06bf0000)
 tenured generation   total 69320K, used 44092K [0x09f50000, 0x0e302000, 0x14a00000)
   the space 69320K,  63% used [0x09f50000, 0x0ca5f240, 0x0ca5f400, 0x0e302000)
 Metaspace       used 38138K, capacity 38550K, committed 38656K, reserved 39296K
}
Event: 634.240 GC heap before
{Heap before GC invocations=123 (full 5):
 def new generation   total 31296K, used 29399K [0x04a00000, 0x06bf0000, 0x09f50000)
  eden space 27840K, 100% used [0x04a00000, 0x06530000, 0x06530000)
  from space 3456K,  45% used [0x06530000, 0x066b5e50, 0x06890000)
  to   space 3456K,   0% used [0x06890000, 0x06890000, 0x06bf0000)
 tenured generation   total 69320K, used 44092K [0x09f50000, 0x0e302000, 0x14a00000)
   the space 69320K,  63% used [0x09f50000, 0x0ca5f240, 0x0ca5f400, 0x0e302000)
 Metaspace       used 38138K, capacity 38550K, committed 38656K, reserved 39296K
Event: 634.262 GC heap after
Heap after GC invocations=124 (full 5):
 def new generation   total 31296K, used 2382K [0x04a00000, 0x06bf0000, 0x09f50000)
  eden space 27840K,   0% used [0x04a00000, 0x04a00000, 0x06530000)
  from space 3456K,  68% used [0x06890000, 0x06ae3b08, 0x06bf0000)
  to   space 3456K,   0% used [0x06530000, 0x06530000, 0x06890000)
 tenured generation   total 69320K, used 44092K [0x09f50000, 0x0e302000, 0x14a00000)
   the space 69320K,  63% used [0x09f50000, 0x0ca5f240, 0x0ca5f400, 0x0e302000)
 Metaspace       used 38138K, capacity 38550K, committed 38656K, reserved 39296K
}

