# JRE version: Java(TM) SE Runtime Environment (8.0_51-b16) (build 1.8.0_51-b16)
# Java VM: Java HotSpot(TM) Client VM (25.51-b03 mixed mode windows-x86 )
Heap:
 def new generation   total 5056K, used 3382K [0x04a00000, 0x04f70000, 0x09f50000)
  eden space 4544K,  67% used [0x04a00000, 0x04d03838, 0x04e70000)
  from space 512K,  57% used [0x04e70000, 0x04eba2c8, 0x04ef0000)
  to   space 512K,   0% used [0x04ef0000, 0x04ef0000, 0x04f70000)
 tenured generation   total 10944K, used 5978K [0x09f50000, 0x0aa00000, 0x14a00000)
   the space 10944K,  54% used [0x09f50000, 0x0a526a50, 0x0a526c00, 0x0aa00000)
 Metaspace       used 12851K, capacity 13091K, committed 13184K, reserved 13696K
GC Heap History (10 events):
Event: 2.172 GC heap before
{Heap before GC invocations=21 (full 0):
 def new generation   total 4928K, used 4927K [0x04a00000, 0x04f50000, 0x09f50000)
  eden space 4416K, 100% used [0x04a00000, 0x04e50000, 0x04e50000)
  from space 512K,  99% used [0x04ed0000, 0x04f4ff18, 0x04f50000)
  to   space 512K,   0% used [0x04e50000, 0x04e50000, 0x04ed0000)
 tenured generation   total 10944K, used 5314K [0x09f50000, 0x0aa00000, 0x14a00000)
   the space 10944K,  48% used [0x09f50000, 0x0a4809e0, 0x0a480a00, 0x0aa00000)
 Metaspace       used 11338K, capacity 11559K, committed 11648K, reserved 11648K
Event: 2.174 GC heap after
Heap after GC invocations=22 (full 0):
 def new generation   total 4928K, used 512K [0x04a00000, 0x04f50000, 0x09f50000)
  eden space 4416K,   0% used [0x04a00000, 0x04a00000, 0x04e50000)
  from space 512K, 100% used [0x04e50000, 0x04ed0000, 0x04ed0000)
  to   space 512K,   0% used [0x04ed0000, 0x04ed0000, 0x04f50000)
 tenured generation   total 10944K, used 5672K [0x09f50000, 0x0aa00000, 0x14a00000)
   the space 10944K,  51% used [0x09f50000, 0x0a4da088, 0x0a4da200, 0x0aa00000)
 Metaspace       used 11338K, capacity 11559K, committed 11648K, reserved 11648K
}
Event: 2.225 GC heap before
{Heap before GC invocations=22 (full 0):
 def new generation   total 4928K, used 4928K [0x04a00000, 0x04f50000, 0x09f50000)
  eden space 4416K, 100% used [0x04a00000, 0x04e50000, 0x04e50000)
  from space 512K, 100% used [0x04e50000, 0x04ed0000, 0x04ed0000)
  to   space 512K,   0% used [0x04ed0000, 0x04ed0000, 0x04f50000)
 tenured generation   total 10944K, used 5672K [0x09f50000, 0x0aa00000, 0x14a00000)
   the space 10944K,  51% used [0x09f50000, 0x0a4da088, 0x0a4da200, 0x0aa00000)
 Metaspace       used 11778K, capacity 11975K, committed 12032K, reserved 12672K
Event: 2.226 GC heap after
Heap after GC invocations=23 (full 0):
 def new generation   total 4928K, used 512K [0x04a00000, 0x04f50000, 0x09f50000)
  eden space 4416K,   0% used [0x04a00000, 0x04a00000, 0x04e50000)
  from space 512K, 100% used [0x04ed0000, 0x04f50000, 0x04f50000)
  to   space 512K,   0% used [0x04e50000, 0x04e50000, 0x04ed0000)
 tenured generation   total 10944K, used 5947K [0x09f50000, 0x0aa00000, 0x14a00000)
   the space 10944K,  54% used [0x09f50000, 0x0a51eeb8, 0x0a51f000, 0x0aa00000)
 Metaspace       used 11778K, capacity 11975K, committed 12032K, reserved 12672K
}
Event: 2.256 GC heap before
{Heap before GC invocations=23 (full 0):
 def new generation   total 4928K, used 2950K [0x04a00000, 0x04f50000, 0x09f50000)
  eden space 4416K,  55% used [0x04a00000, 0x04c618b0, 0x04e50000)
  from space 512K, 100% used [0x04ed0000, 0x04f50000, 0x04f50000)
  to   space 512K,   0% used [0x04e50000, 0x04e50000, 0x04ed0000)
 tenured generation   total 10944K, used 5947K [0x09f50000, 0x0aa00000, 0x14a00000)
   the space 10944K,  54% used [0x09f50000, 0x0a51eeb8, 0x0a51f000, 0x0aa00000)
 Metaspace       used 12045K, capacity 12231K, committed 12288K, reserved 12672K
Event: 2.271 GC heap after
Heap after GC invocations=24 (full 1):
 def new generation   total 5056K, used 0K [0x04a00000, 0x04f70000, 0x09f50000)
  eden space 4544K,   0% used [0x04a00000, 0x04a00000, 0x04e70000)
  from space 512K,   0% used [0x04e70000, 0x04e70000, 0x04ef0000)
  to   space 512K,   0% used [0x04ef0000, 0x04ef0000, 0x04f70000)
 tenured generation   total 10944K, used 5855K [0x09f50000, 0x0aa00000, 0x14a00000)
   the space 10944K,  53% used [0x09f50000, 0x0a507ca8, 0x0a507e00, 0x0aa00000)
 Metaspace       used 12045K, capacity 12231K, committed 12288K, reserved 12672K
}
Event: 2.350 GC heap before
{Heap before GC invocations=24 (full 1):
 def new generation   total 5056K, used 4544K [0x04a00000, 0x04f70000, 0x09f50000)
  eden space 4544K, 100% used [0x04a00000, 0x04e70000, 0x04e70000)
  from space 512K,   0% used [0x04e70000, 0x04e70000, 0x04ef0000)
  to   space 512K,   0% used [0x04ef0000, 0x04ef0000, 0x04f70000)
 tenured generation   total 10944K, used 5855K [0x09f50000, 0x0aa00000, 0x14a00000)
   the space 10944K,  53% used [0x09f50000, 0x0a507ca8, 0x0a507e00, 0x0aa00000)
 Metaspace       used 12389K, capacity 12583K, committed 12672K, reserved 12672K
Event: 2.352 GC heap after
Heap after GC invocations=25 (full 1):
 def new generation   total 5056K, used 511K [0x04a00000, 0x04f70000, 0x09f50000)
  eden space 4544K,   0% used [0x04a00000, 0x04a00000, 0x04e70000)
  from space 512K,  99% used [0x04ef0000, 0x04f6ffd8, 0x04f70000)
  to   space 512K,   0% used [0x04e70000, 0x04e70000, 0x04ef0000)
 tenured generation   total 10944K, used 5898K [0x09f50000, 0x0aa00000, 0x14a00000)
   the space 10944K,  53% used [0x09f50000, 0x0a5128d8, 0x0a512a00, 0x0aa00000)
 Metaspace       used 12389K, capacity 12583K, committed 12672K, reserved 12672K
}
Event: 20.638 GC heap before
{Heap before GC invocations=25 (full 1):
 def new generation   total 5056K, used 5055K [0x04a00000, 0x04f70000, 0x09f50000)
  eden space 4544K, 100% used [0x04a00000, 0x04e70000, 0x04e70000)
  from space 512K,  99% used [0x04ef0000, 0x04f6ffd8, 0x04f70000)
  to   space 512K,   0% used [0x04e70000, 0x04e70000, 0x04ef0000)
 tenured generation   total 10944K, used 5898K [0x09f50000, 0x0aa00000, 0x14a00000)
   the space 10944K,  53% used [0x09f50000, 0x0a5128d8, 0x0a512a00, 0x0aa00000)
 Metaspace       used 12715K, capacity 12953K, committed 13056K, reserved 13696K
Event: 20.642 GC heap after
Heap after GC invocations=26 (full 1):
 def new generation   total 5056K, used 296K [0x04a00000, 0x04f70000, 0x09f50000)
  eden space 4544K,   0% used [0x04a00000, 0x04a00000, 0x04e70000)
  from space 512K,  57% used [0x04e70000, 0x04eba2c8, 0x04ef0000)
  to   space 512K,   0% used [0x04ef0000, 0x04ef0000, 0x04f70000)
 tenured generation   total 10944K, used 5978K [0x09f50000, 0x0aa00000, 0x14a00000)
   the space 10944K,  54% used [0x09f50000, 0x0a526a50, 0x0a526c00, 0x0aa00000)
 Metaspace       used 12715K, capacity 12953K, committed 13056K, reserved 13696K
}

