# JRE version: Java(TM) SE Runtime Environment (8.0_51-b16) (build 1.8.0_51-b16)
# Java VM: Java HotSpot(TM) Client VM (25.51-b03 mixed mode windows-x86 )
Heap:
 def new generation   total 10880K, used 3561K [0x04800000, 0x053c0000, 0x09d50000)
  eden space 9728K,  24% used [0x04800000, 0x04a5a5d0, 0x05180000)
  from space 1152K, 100% used [0x052a0000, 0x053c0000, 0x053c0000)
  to   space 1152K,   0% used [0x05180000, 0x05180000, 0x052a0000)
 tenured generation   total 23932K, used 14180K [0x09d50000, 0x0b4af000, 0x14800000)
   the space 23932K,  59% used [0x09d50000, 0x0ab292d8, 0x0ab29400, 0x0b4af000)
 Metaspace       used 20030K, capacity 20261K, committed 20352K, reserved 20864K
GC Heap History (10 events):
Event: 9.101 GC heap before
{Heap before GC invocations=150 (full 7):
 def new generation   total 10880K, used 10879K [0x04800000, 0x053c0000, 0x09d50000)
  eden space 9728K, 100% used [0x04800000, 0x05180000, 0x05180000)
  from space 1152K,  99% used [0x05180000, 0x0529ffd8, 0x052a0000)
  to   space 1152K,   0% used [0x052a0000, 0x052a0000, 0x053c0000)
 tenured generation   total 23932K, used 10514K [0x09d50000, 0x0b4af000, 0x14800000)
   the space 23932K,  43% used [0x09d50000, 0x0a794bb8, 0x0a794c00, 0x0b4af000)
 Metaspace       used 17532K, capacity 17760K, committed 17920K, reserved 18816K
Event: 9.105 GC heap after
Heap after GC invocations=151 (full 7):
 def new generation   total 10880K, used 709K [0x04800000, 0x053c0000, 0x09d50000)
  eden space 9728K,   0% used [0x04800000, 0x04800000, 0x05180000)
  from space 1152K,  61% used [0x052a0000, 0x05351768, 0x053c0000)
  to   space 1152K,   0% used [0x05180000, 0x05180000, 0x052a0000)
 tenured generation   total 23932K, used 10797K [0x09d50000, 0x0b4af000, 0x14800000)
   the space 23932K,  45% used [0x09d50000, 0x0a7db548, 0x0a7db600, 0x0b4af000)
 Metaspace       used 17532K, capacity 17760K, committed 17920K, reserved 18816K
}
Event: 9.218 GC heap before
{Heap before GC invocations=151 (full 7):
 def new generation   total 10880K, used 10437K [0x04800000, 0x053c0000, 0x09d50000)
  eden space 9728K, 100% used [0x04800000, 0x05180000, 0x05180000)
  from space 1152K,  61% used [0x052a0000, 0x05351768, 0x053c0000)
  to   space 1152K,   0% used [0x05180000, 0x05180000, 0x052a0000)
 tenured generation   total 23932K, used 10797K [0x09d50000, 0x0b4af000, 0x14800000)
   the space 23932K,  45% used [0x09d50000, 0x0a7db548, 0x0a7db600, 0x0b4af000)
 Metaspace       used 18132K, capacity 18336K, committed 18432K, reserved 18816K
Event: 9.221 GC heap after
Heap after GC invocations=152 (full 7):
 def new generation   total 10880K, used 652K [0x04800000, 0x053c0000, 0x09d50000)
  eden space 9728K,   0% used [0x04800000, 0x04800000, 0x05180000)
  from space 1152K,  56% used [0x05180000, 0x052230d8, 0x052a0000)
  to   space 1152K,   0% used [0x052a0000, 0x052a0000, 0x053c0000)
 tenured generation   total 23932K, used 10927K [0x09d50000, 0x0b4af000, 0x14800000)
   the space 23932K,  45% used [0x09d50000, 0x0a7fbdf0, 0x0a7fbe00, 0x0b4af000)
 Metaspace       used 18132K, capacity 18336K, committed 18432K, reserved 18816K
}
Event: 9.317 GC heap before
{Heap before GC invocations=152 (full 7):
 def new generation   total 10880K, used 10380K [0x04800000, 0x053c0000, 0x09d50000)
  eden space 9728K, 100% used [0x04800000, 0x05180000, 0x05180000)
  from space 1152K,  56% used [0x05180000, 0x052230d8, 0x052a0000)
  to   space 1152K,   0% used [0x052a0000, 0x052a0000, 0x053c0000)
 tenured generation   total 23932K, used 10927K [0x09d50000, 0x0b4af000, 0x14800000)
   the space 23932K,  45% used [0x09d50000, 0x0a7fbdf0, 0x0a7fbe00, 0x0b4af000)
 Metaspace       used 18652K, capacity 18848K, committed 18944K, reserved 19840K
Event: 9.320 GC heap after
Heap after GC invocations=153 (full 7):
 def new generation   total 10880K, used 750K [0x04800000, 0x053c0000, 0x09d50000)
  eden space 9728K,   0% used [0x04800000, 0x04800000, 0x05180000)
  from space 1152K,  65% used [0x052a0000, 0x0535b8b0, 0x053c0000)
  to   space 1152K,   0% used [0x05180000, 0x05180000, 0x052a0000)
 tenured generation   total 23932K, used 11025K [0x09d50000, 0x0b4af000, 0x14800000)
   the space 23932K,  46% used [0x09d50000, 0x0a814540, 0x0a814600, 0x0b4af000)
 Metaspace       used 18652K, capacity 18848K, committed 18944K, reserved 19840K
}
Event: 9.429 GC heap before
{Heap before GC invocations=153 (full 7):
 def new generation   total 10880K, used 10478K [0x04800000, 0x053c0000, 0x09d50000)
  eden space 9728K, 100% used [0x04800000, 0x05180000, 0x05180000)
  from space 1152K,  65% used [0x052a0000, 0x0535b8b0, 0x053c0000)
  to   space 1152K,   0% used [0x05180000, 0x05180000, 0x052a0000)
 tenured generation   total 23932K, used 11025K [0x09d50000, 0x0b4af000, 0x14800000)
   the space 23932K,  46% used [0x09d50000, 0x0a814540, 0x0a814600, 0x0b4af000)
 Metaspace       used 19117K, capacity 19330K, committed 19456K, reserved 19840K
Event: 9.432 GC heap after
Heap after GC invocations=154 (full 7):
 def new generation   total 10880K, used 740K [0x04800000, 0x053c0000, 0x09d50000)
  eden space 9728K,   0% used [0x04800000, 0x04800000, 0x05180000)
  from space 1152K,  64% used [0x05180000, 0x05239390, 0x052a0000)
  to   space 1152K,   0% used [0x052a0000, 0x052a0000, 0x053c0000)
 tenured generation   total 23932K, used 11129K [0x09d50000, 0x0b4af000, 0x14800000)
   the space 23932K,  46% used [0x09d50000, 0x0a82e510, 0x0a82e600, 0x0b4af000)
 Metaspace       used 19117K, capacity 19330K, committed 19456K, reserved 19840K
}
Event: 9.570 GC heap before
{Heap before GC invocations=154 (full 7):
 def new generation   total 10880K, used 10468K [0x04800000, 0x053c0000, 0x09d50000)
  eden space 9728K, 100% used [0x04800000, 0x05180000, 0x05180000)
  from space 1152K,  64% used [0x05180000, 0x05239390, 0x052a0000)
  to   space 1152K,   0% used [0x052a0000, 0x052a0000, 0x053c0000)
 tenured generation   total 23932K, used 11129K [0x09d50000, 0x0b4af000, 0x14800000)
   the space 23932K,  46% used [0x09d50000, 0x0a82e510, 0x0a82e600, 0x0b4af000)
 Metaspace       used 19905K, capacity 20130K, committed 20224K, reserved 20864K
Event: 9.575 GC heap after
Heap after GC invocations=155 (full 7):
 def new generation   total 10880K, used 1152K [0x04800000, 0x053c0000, 0x09d50000)
  eden space 9728K,   0% used [0x04800000, 0x04800000, 0x05180000)
  from space 1152K, 100% used [0x052a0000, 0x053c0000, 0x053c0000)
  to   space 1152K,   0% used [0x05180000, 0x05180000, 0x052a0000)
 tenured generation   total 23932K, used 14180K [0x09d50000, 0x0b4af000, 0x14800000)
   the space 23932K,  59% used [0x09d50000, 0x0ab292d8, 0x0ab29400, 0x0b4af000)
 Metaspace       used 19905K, capacity 20130K, committed 20224K, reserved 20864K
}

